Analysis & Synthesis report for LSD_Projeto
Tue Jun 06 13:02:11 2023
Quartus Prime Version 20.1.1 Build 720 11/11/2020 SJ Lite Edition


---------------------
; Table of Contents ;
---------------------
  1. Legal Notice
  2. Analysis & Synthesis Summary
  3. Analysis & Synthesis Settings
  4. Parallel Compilation
  5. Analysis & Synthesis Source Files Read
  6. Analysis & Synthesis Resource Usage Summary
  7. Analysis & Synthesis Resource Utilization by Entity
  8. State Machine - |PaoTop|MaquinaDePao:maquina_pao_fsm|s_currentState
  9. User-Specified and Inferred Latches
 10. Registers Removed During Synthesis
 11. General Register Statistics
 12. Inverted Register Statistics
 13. Multiplexer Restructuring Statistics (Restructuring Performed)
 14. Parameter Settings for User Entity Instance: ClkDividerN:clkDivider
 15. Parameter Settings for Inferred Entity Instance: Bin2BCD:bin2bcd|lpm_divide:Mod0
 16. Parameter Settings for Inferred Entity Instance: Bin2BCD:bin2bcd|lpm_divide:Div0
 17. Port Connectivity Checks: "ClkDividerN:clkDivider"
 18. Post-Synthesis Netlist Statistics for Top Partition
 19. Elapsed Time Per Partition
 20. Analysis & Synthesis Messages



----------------
; Legal Notice ;
----------------
Copyright (C) 2020  Intel Corporation. All rights reserved.
Your use of Intel Corporation's design tools, logic functions 
and other software and tools, and any partner logic 
functions, and any output files from any of the foregoing 
(including device programming or simulation files), and any 
associated documentation or information are expressly subject 
to the terms and conditions of the Intel Program License 
Subscription Agreement, the Intel Quartus Prime License Agreement,
the Intel FPGA IP License Agreement, or other applicable license
agreement, including, without limitation, that your use is for
the sole purpose of programming logic devices manufactured by
Intel and sold by Intel or its authorized distributors.  Please
refer to the applicable agreement for further details, at
https://fpgasoftware.intel.com/eula.



+----------------------------------------------------------------------------------+
; Analysis & Synthesis Summary                                                     ;
+------------------------------------+---------------------------------------------+
; Analysis & Synthesis Status        ; Successful - Tue Jun 06 13:02:11 2023       ;
; Quartus Prime Version              ; 20.1.1 Build 720 11/11/2020 SJ Lite Edition ;
; Revision Name                      ; LSD_Projeto                                 ;
; Top-level Entity Name              ; PaoTop                                      ;
; Family                             ; Cyclone IV E                                ;
; Total logic elements               ; 278                                         ;
;     Total combinational functions  ; 277                                         ;
;     Dedicated logic registers      ; 47                                          ;
; Total registers                    ; 47                                          ;
; Total pins                         ; 25                                          ;
; Total virtual pins                 ; 0                                           ;
; Total memory bits                  ; 0                                           ;
; Embedded Multiplier 9-bit elements ; 0                                           ;
; Total PLLs                         ; 0                                           ;
+------------------------------------+---------------------------------------------+


+------------------------------------------------------------------------------------------------------------+
; Analysis & Synthesis Settings                                                                              ;
+------------------------------------------------------------------+--------------------+--------------------+
; Option                                                           ; Setting            ; Default Value      ;
+------------------------------------------------------------------+--------------------+--------------------+
; Device                                                           ; EP4CE115F29C7      ;                    ;
; Top-level entity name                                            ; PaoTop             ; LSD_Projeto        ;
; Family name                                                      ; Cyclone IV E       ; Cyclone V          ;
; Use smart compilation                                            ; Off                ; Off                ;
; Enable parallel Assembler and Timing Analyzer during compilation ; On                 ; On                 ;
; Enable compact report table                                      ; Off                ; Off                ;
; Restructure Multiplexers                                         ; Auto               ; Auto               ;
; Create Debugging Nodes for IP Cores                              ; Off                ; Off                ;
; Preserve fewer node names                                        ; On                 ; On                 ;
; Intel FPGA IP Evaluation Mode                                    ; Enable             ; Enable             ;
; Verilog Version                                                  ; Verilog_2001       ; Verilog_2001       ;
; VHDL Version                                                     ; VHDL_1993          ; VHDL_1993          ;
; State Machine Processing                                         ; Auto               ; Auto               ;
; Safe State Machine                                               ; Off                ; Off                ;
; Extract Verilog State Machines                                   ; On                 ; On                 ;
; Extract VHDL State Machines                                      ; On                 ; On                 ;
; Ignore Verilog initial constructs                                ; Off                ; Off                ;
; Iteration limit for constant Verilog loops                       ; 5000               ; 5000               ;
; Iteration limit for non-constant Verilog loops                   ; 250                ; 250                ;
; Add Pass-Through Logic to Inferred RAMs                          ; On                 ; On                 ;
; Infer RAMs from Raw Logic                                        ; On                 ; On                 ;
; Parallel Synthesis                                               ; On                 ; On                 ;
; DSP Block Balancing                                              ; Auto               ; Auto               ;
; NOT Gate Push-Back                                               ; On                 ; On                 ;
; Power-Up Don't Care                                              ; On                 ; On                 ;
; Remove Redundant Logic Cells                                     ; Off                ; Off                ;
; Remove Duplicate Registers                                       ; On                 ; On                 ;
; Ignore CARRY Buffers                                             ; Off                ; Off                ;
; Ignore CASCADE Buffers                                           ; Off                ; Off                ;
; Ignore GLOBAL Buffers                                            ; Off                ; Off                ;
; Ignore ROW GLOBAL Buffers                                        ; Off                ; Off                ;
; Ignore LCELL Buffers                                             ; Off                ; Off                ;
; Ignore SOFT Buffers                                              ; On                 ; On                 ;
; Limit AHDL Integers to 32 Bits                                   ; Off                ; Off                ;
; Optimization Technique                                           ; Balanced           ; Balanced           ;
; Carry Chain Length                                               ; 70                 ; 70                 ;
; Auto Carry Chains                                                ; On                 ; On                 ;
; Auto Open-Drain Pins                                             ; On                 ; On                 ;
; Perform WYSIWYG Primitive Resynthesis                            ; Off                ; Off                ;
; Auto ROM Replacement                                             ; On                 ; On                 ;
; Auto RAM Replacement                                             ; On                 ; On                 ;
; Auto DSP Block Replacement                                       ; On                 ; On                 ;
; Auto Shift Register Replacement                                  ; Auto               ; Auto               ;
; Allow Shift Register Merging across Hierarchies                  ; Auto               ; Auto               ;
; Auto Clock Enable Replacement                                    ; On                 ; On                 ;
; Strict RAM Replacement                                           ; Off                ; Off                ;
; Allow Synchronous Control Signals                                ; On                 ; On                 ;
; Force Use of Synchronous Clear Signals                           ; Off                ; Off                ;
; Auto RAM Block Balancing                                         ; On                 ; On                 ;
; Auto RAM to Logic Cell Conversion                                ; Off                ; Off                ;
; Auto Resource Sharing                                            ; Off                ; Off                ;
; Allow Any RAM Size For Recognition                               ; Off                ; Off                ;
; Allow Any ROM Size For Recognition                               ; Off                ; Off                ;
; Allow Any Shift Register Size For Recognition                    ; Off                ; Off                ;
; Use LogicLock Constraints during Resource Balancing              ; On                 ; On                 ;
; Ignore translate_off and synthesis_off directives                ; Off                ; Off                ;
; Timing-Driven Synthesis                                          ; On                 ; On                 ;
; Report Parameter Settings                                        ; On                 ; On                 ;
; Report Source Assignments                                        ; On                 ; On                 ;
; Report Connectivity Checks                                       ; On                 ; On                 ;
; Ignore Maximum Fan-Out Assignments                               ; Off                ; Off                ;
; Synchronization Register Chain Length                            ; 2                  ; 2                  ;
; Power Optimization During Synthesis                              ; Normal compilation ; Normal compilation ;
; HDL message level                                                ; Level2             ; Level2             ;
; Suppress Register Optimization Related Messages                  ; Off                ; Off                ;
; Number of Removed Registers Reported in Synthesis Report         ; 5000               ; 5000               ;
; Number of Swept Nodes Reported in Synthesis Report               ; 5000               ; 5000               ;
; Number of Inverted Registers Reported in Synthesis Report        ; 100                ; 100                ;
; Clock MUX Protection                                             ; On                 ; On                 ;
; Auto Gated Clock Conversion                                      ; Off                ; Off                ;
; Block Design Naming                                              ; Auto               ; Auto               ;
; SDC constraint protection                                        ; Off                ; Off                ;
; Synthesis Effort                                                 ; Auto               ; Auto               ;
; Shift Register Replacement - Allow Asynchronous Clear Signal     ; On                 ; On                 ;
; Pre-Mapping Resynthesis Optimization                             ; Off                ; Off                ;
; Analysis & Synthesis Message Level                               ; Medium             ; Medium             ;
; Disable Register Merging Across Hierarchies                      ; Auto               ; Auto               ;
; Resource Aware Inference For Block RAM                           ; On                 ; On                 ;
+------------------------------------------------------------------+--------------------+--------------------+


+------------------------------------------+
; Parallel Compilation                     ;
+----------------------------+-------------+
; Processors                 ; Number      ;
+----------------------------+-------------+
; Number detected on machine ; 12          ;
; Maximum allowed            ; 12          ;
;                            ;             ;
; Average used               ; 1.00        ;
; Maximum used               ; 12          ;
;                            ;             ;
; Usage by Processor         ; % Time Used ;
;     Processor 1            ; 100.0%      ;
;     Processor 2            ;   0.0%      ;
;     Processors 3-12        ;   0.0%      ;
+----------------------------+-------------+


+--------------------------------------------------------------------------------------------------------------------------------------------------------------------------+
; Analysis & Synthesis Source Files Read                                                                                                                                   ;
+----------------------------------+-----------------+------------------------------+----------------------------------------------------------------------------+---------+
; File Name with User-Entered Path ; Used in Netlist ; File Type                    ; File Name with Absolute Path                                               ; Library ;
+----------------------------------+-----------------+------------------------------+----------------------------------------------------------------------------+---------+
; Bin2BCD.vhd                      ; yes             ; User VHDL File               ; C:/ProjetoLSD_verFinal/Bin2BCD.vhd                                         ;         ;
; TimerAuxFSM.vhd                  ; yes             ; User VHDL File               ; C:/ProjetoLSD_verFinal/TimerAuxFSM.vhd                                     ;         ;
; Reg.vhd                          ; yes             ; User VHDL File               ; C:/ProjetoLSD_verFinal/Reg.vhd                                             ;         ;
; PaoTop.vhd                       ; yes             ; User VHDL File               ; C:/ProjetoLSD_verFinal/PaoTop.vhd                                          ;         ;
; MaquinaDePao.vhd                 ; yes             ; User VHDL File               ; C:/ProjetoLSD_verFinal/MaquinaDePao.vhd                                    ;         ;
; ClkDividerN.vhd                  ; yes             ; User VHDL File               ; C:/ProjetoLSD_verFinal/ClkDividerN.vhd                                     ;         ;
; Bin7SegDecoder.vhd               ; yes             ; User VHDL File               ; C:/ProjetoLSD_verFinal/Bin7SegDecoder.vhd                                  ;         ;
; lpm_divide.tdf                   ; yes             ; Megafunction                 ; c:/intelfpga_lite/20.1/quartus/libraries/megafunctions/lpm_divide.tdf      ;         ;
; abs_divider.inc                  ; yes             ; Megafunction                 ; c:/intelfpga_lite/20.1/quartus/libraries/megafunctions/abs_divider.inc     ;         ;
; sign_div_unsign.inc              ; yes             ; Megafunction                 ; c:/intelfpga_lite/20.1/quartus/libraries/megafunctions/sign_div_unsign.inc ;         ;
; aglobal201.inc                   ; yes             ; Megafunction                 ; c:/intelfpga_lite/20.1/quartus/libraries/megafunctions/aglobal201.inc      ;         ;
; db/lpm_divide_q9m.tdf            ; yes             ; Auto-Generated Megafunction  ; C:/ProjetoLSD_verFinal/db/lpm_divide_q9m.tdf                               ;         ;
; db/sign_div_unsign_fkh.tdf       ; yes             ; Auto-Generated Megafunction  ; C:/ProjetoLSD_verFinal/db/sign_div_unsign_fkh.tdf                          ;         ;
; db/alt_u_div_i4f.tdf             ; yes             ; Auto-Generated Megafunction  ; C:/ProjetoLSD_verFinal/db/alt_u_div_i4f.tdf                                ;         ;
; db/add_sub_7pc.tdf               ; yes             ; Auto-Generated Megafunction  ; C:/ProjetoLSD_verFinal/db/add_sub_7pc.tdf                                  ;         ;
; db/add_sub_8pc.tdf               ; yes             ; Auto-Generated Megafunction  ; C:/ProjetoLSD_verFinal/db/add_sub_8pc.tdf                                  ;         ;
; db/lpm_divide_nhm.tdf            ; yes             ; Auto-Generated Megafunction  ; C:/ProjetoLSD_verFinal/db/lpm_divide_nhm.tdf                               ;         ;
+----------------------------------+-----------------+------------------------------+----------------------------------------------------------------------------+---------+


+--------------------------------------------------------------+
; Analysis & Synthesis Resource Usage Summary                  ;
+---------------------------------------------+----------------+
; Resource                                    ; Usage          ;
+---------------------------------------------+----------------+
; Estimated Total logic elements              ; 278            ;
;                                             ;                ;
; Total combinational functions               ; 277            ;
; Logic element usage by number of LUT inputs ;                ;
;     -- 4 input functions                    ; 73             ;
;     -- 3 input functions                    ; 67             ;
;     -- <=2 input functions                  ; 137            ;
;                                             ;                ;
; Logic elements by mode                      ;                ;
;     -- normal mode                          ; 195            ;
;     -- arithmetic mode                      ; 82             ;
;                                             ;                ;
; Total registers                             ; 47             ;
;     -- Dedicated logic registers            ; 47             ;
;     -- I/O registers                        ; 0              ;
;                                             ;                ;
; I/O pins                                    ; 25             ;
;                                             ;                ;
; Embedded Multiplier 9-bit elements          ; 0              ;
;                                             ;                ;
; Maximum fan-out node                        ; CLOCK_50~input ;
; Maximum fan-out                             ; 47             ;
; Total fan-out                               ; 930            ;
; Average fan-out                             ; 2.49           ;
+---------------------------------------------+----------------+


+-------------------------------------------------------------------------------------------------------------------------------------------------------------------------------------------------------------------------------------------------------------------------------------------------------------------------------------+
; Analysis & Synthesis Resource Utilization by Entity                                                                                                                                                                                                                                                                                 ;
+-------------------------------------------+---------------------+---------------------------+-------------+--------------+---------+-----------+------+--------------+-------------------------------------------------------------------------------------------------------------------------+---------------------+--------------+
; Compilation Hierarchy Node                ; Combinational ALUTs ; Dedicated Logic Registers ; Memory Bits ; DSP Elements ; DSP 9x9 ; DSP 18x18 ; Pins ; Virtual Pins ; Full Hierarchy Name                                                                                                     ; Entity Name         ; Library Name ;
+-------------------------------------------+---------------------+---------------------------+-------------+--------------+---------+-----------+------+--------------+-------------------------------------------------------------------------------------------------------------------------+---------------------+--------------+
; |PaoTop                                   ; 277 (0)             ; 47 (0)                    ; 0           ; 0            ; 0       ; 0         ; 25   ; 0            ; |PaoTop                                                                                                                 ; PaoTop              ; work         ;
;    |Bin2BCD:bin2bcd|                      ; 154 (0)             ; 0 (0)                     ; 0           ; 0            ; 0       ; 0         ; 0    ; 0            ; |PaoTop|Bin2BCD:bin2bcd                                                                                                 ; Bin2BCD             ; work         ;
;       |lpm_divide:Div0|                   ; 74 (0)              ; 0 (0)                     ; 0           ; 0            ; 0       ; 0         ; 0    ; 0            ; |PaoTop|Bin2BCD:bin2bcd|lpm_divide:Div0                                                                                 ; lpm_divide          ; work         ;
;          |lpm_divide_nhm:auto_generated|  ; 74 (0)              ; 0 (0)                     ; 0           ; 0            ; 0       ; 0         ; 0    ; 0            ; |PaoTop|Bin2BCD:bin2bcd|lpm_divide:Div0|lpm_divide_nhm:auto_generated                                                   ; lpm_divide_nhm      ; work         ;
;             |sign_div_unsign_fkh:divider| ; 74 (0)              ; 0 (0)                     ; 0           ; 0            ; 0       ; 0         ; 0    ; 0            ; |PaoTop|Bin2BCD:bin2bcd|lpm_divide:Div0|lpm_divide_nhm:auto_generated|sign_div_unsign_fkh:divider                       ; sign_div_unsign_fkh ; work         ;
;                |alt_u_div_i4f:divider|    ; 74 (74)             ; 0 (0)                     ; 0           ; 0            ; 0       ; 0         ; 0    ; 0            ; |PaoTop|Bin2BCD:bin2bcd|lpm_divide:Div0|lpm_divide_nhm:auto_generated|sign_div_unsign_fkh:divider|alt_u_div_i4f:divider ; alt_u_div_i4f       ; work         ;
;       |lpm_divide:Mod0|                   ; 80 (0)              ; 0 (0)                     ; 0           ; 0            ; 0       ; 0         ; 0    ; 0            ; |PaoTop|Bin2BCD:bin2bcd|lpm_divide:Mod0                                                                                 ; lpm_divide          ; work         ;
;          |lpm_divide_q9m:auto_generated|  ; 80 (0)              ; 0 (0)                     ; 0           ; 0            ; 0       ; 0         ; 0    ; 0            ; |PaoTop|Bin2BCD:bin2bcd|lpm_divide:Mod0|lpm_divide_q9m:auto_generated                                                   ; lpm_divide_q9m      ; work         ;
;             |sign_div_unsign_fkh:divider| ; 80 (0)              ; 0 (0)                     ; 0           ; 0            ; 0       ; 0         ; 0    ; 0            ; |PaoTop|Bin2BCD:bin2bcd|lpm_divide:Mod0|lpm_divide_q9m:auto_generated|sign_div_unsign_fkh:divider                       ; sign_div_unsign_fkh ; work         ;
;                |alt_u_div_i4f:divider|    ; 80 (80)             ; 0 (0)                     ; 0           ; 0            ; 0       ; 0         ; 0    ; 0            ; |PaoTop|Bin2BCD:bin2bcd|lpm_divide:Mod0|lpm_divide_q9m:auto_generated|sign_div_unsign_fkh:divider|alt_u_div_i4f:divider ; alt_u_div_i4f       ; work         ;
;    |Bin7SegDecoder:displayL|              ; 14 (14)             ; 0 (0)                     ; 0           ; 0            ; 0       ; 0         ; 0    ; 0            ; |PaoTop|Bin7SegDecoder:displayL                                                                                         ; Bin7SegDecoder      ; work         ;
;    |Bin7SegDecoder:displayR|              ; 17 (17)             ; 0 (0)                     ; 0           ; 0            ; 0       ; 0         ; 0    ; 0            ; |PaoTop|Bin7SegDecoder:displayR                                                                                         ; Bin7SegDecoder      ; work         ;
;    |ClkDividerN:clkDivider|               ; 42 (42)             ; 27 (27)                   ; 0           ; 0            ; 0       ; 0         ; 0    ; 0            ; |PaoTop|ClkDividerN:clkDivider                                                                                          ; ClkDividerN         ; work         ;
;    |MaquinaDePao:maquina_pao_fsm|         ; 28 (28)             ; 9 (9)                     ; 0           ; 0            ; 0       ; 0         ; 0    ; 0            ; |PaoTop|MaquinaDePao:maquina_pao_fsm                                                                                    ; MaquinaDePao        ; work         ;
;    |Reg:reg|                              ; 1 (1)               ; 2 (2)                     ; 0           ; 0            ; 0       ; 0         ; 0    ; 0            ; |PaoTop|Reg:reg                                                                                                         ; Reg                 ; work         ;
;    |TimerAuxFSM:timeraux_fsm|             ; 21 (21)             ; 9 (9)                     ; 0           ; 0            ; 0       ; 0         ; 0    ; 0            ; |PaoTop|TimerAuxFSM:timeraux_fsm                                                                                        ; TimerAuxFSM         ; work         ;
+-------------------------------------------+---------------------+---------------------------+-------------+--------------+---------+-----------+------+--------------+-------------------------------------------------------------------------------------------------------------------------+---------------------+--------------+
Note: For table entries with two numbers listed, the numbers in parentheses indicate the number of resources of the given type used by the specific entity alone. The numbers listed outside of parentheses indicate the total resources of the given type used by the specific entity and all of its sub-entities in the hierarchy.


Encoding Type:  One-Hot
+---------------------------------------------------------------------------------------------------------------------------------------------------------------------------------------------------------------------------------------------------------------------------------+
; State Machine - |PaoTop|MaquinaDePao:maquina_pao_fsm|s_currentState                                                                                                                                                                                                             ;
+------------------------------+----------------------+---------------------------+-------------------------+------------------------------+-------------------------+------------------------------+------------------------+-----------------------------+----------------------+
; Name                         ; s_currentState.Extra ; s_currentState.Extra_Init ; s_currentState.Cozedura ; s_currentState.Cozedura_Init ; s_currentState.Levedura ; s_currentState.Levedura_Init ; s_currentState.Amassar ; s_currentState.Amassar_Init ; s_currentState.TInit ;
+------------------------------+----------------------+---------------------------+-------------------------+------------------------------+-------------------------+------------------------------+------------------------+-----------------------------+----------------------+
; s_currentState.TInit         ; 0                    ; 0                         ; 0                       ; 0                            ; 0                       ; 0                            ; 0                      ; 0                           ; 0                    ;
; s_currentState.Amassar_Init  ; 0                    ; 0                         ; 0                       ; 0                            ; 0                       ; 0                            ; 0                      ; 1                           ; 1                    ;
; s_currentState.Amassar       ; 0                    ; 0                         ; 0                       ; 0                            ; 0                       ; 0                            ; 1                      ; 0                           ; 1                    ;
; s_currentState.Levedura_Init ; 0                    ; 0                         ; 0                       ; 0                            ; 0                       ; 1                            ; 0                      ; 0                           ; 1                    ;
; s_currentState.Levedura      ; 0                    ; 0                         ; 0                       ; 0                            ; 1                       ; 0                            ; 0                      ; 0                           ; 1                    ;
; s_currentState.Cozedura_Init ; 0                    ; 0                         ; 0                       ; 1                            ; 0                       ; 0                            ; 0                      ; 0                           ; 1                    ;
; s_currentState.Cozedura      ; 0                    ; 0                         ; 1                       ; 0                            ; 0                       ; 0                            ; 0                      ; 0                           ; 1                    ;
; s_currentState.Extra_Init    ; 0                    ; 1                         ; 0                       ; 0                            ; 0                       ; 0                            ; 0                      ; 0                           ; 1                    ;
; s_currentState.Extra         ; 1                    ; 0                         ; 0                       ; 0                            ; 0                       ; 0                            ; 0                      ; 0                           ; 1                    ;
+------------------------------+----------------------+---------------------------+-------------------------+------------------------------+-------------------------+------------------------------+------------------------+-----------------------------+----------------------+


+-----------------------------------------------------------------------------------------------------------------------------------------+
; User-Specified and Inferred Latches                                                                                                     ;
+-----------------------------------------------------+----------------------------------------------------------+------------------------+
; Latch Name                                          ; Latch Enable Signal                                      ; Free of Timing Hazards ;
+-----------------------------------------------------+----------------------------------------------------------+------------------------+
; MaquinaDePao:maquina_pao_fsm|ledr0                  ; MaquinaDePao:maquina_pao_fsm|s_currentState.Amassar_Init ; yes                    ;
; MaquinaDePao:maquina_pao_fsm|ledg0                  ; MaquinaDePao:maquina_pao_fsm|s_currentState.Amassar_Init ; yes                    ;
; MaquinaDePao:maquina_pao_fsm|ledg1                  ; MaquinaDePao:maquina_pao_fsm|s_currentState.Amassar_Init ; yes                    ;
; MaquinaDePao:maquina_pao_fsm|ledg2                  ; MaquinaDePao:maquina_pao_fsm|s_currentState.Amassar_Init ; yes                    ;
; MaquinaDePao:maquina_pao_fsm|timeVal[0]             ; MaquinaDePao:maquina_pao_fsm|WideOr0                     ; yes                    ;
; MaquinaDePao:maquina_pao_fsm|timeVal[1]             ; MaquinaDePao:maquina_pao_fsm|WideOr0                     ; yes                    ;
; MaquinaDePao:maquina_pao_fsm|timeVal[2]             ; MaquinaDePao:maquina_pao_fsm|WideOr0                     ; yes                    ;
; MaquinaDePao:maquina_pao_fsm|timeVal[3]             ; MaquinaDePao:maquina_pao_fsm|WideOr0                     ; yes                    ;
; MaquinaDePao:maquina_pao_fsm|timeVal[5]             ; MaquinaDePao:maquina_pao_fsm|WideOr0                     ; yes                    ;
; MaquinaDePao:maquina_pao_fsm|timeVal[4]             ; MaquinaDePao:maquina_pao_fsm|WideOr0                     ; yes                    ;
; Number of user-specified and inferred latches = 10  ;                                                          ;                        ;
+-----------------------------------------------------+----------------------------------------------------------+------------------------+
Note: All latches listed above may not be present at the end of synthesis due to various synthesis optimizations.


+---------------------------------------------------------------------------------+
; Registers Removed During Synthesis                                              ;
+----------------------------------------+----------------------------------------+
; Register name                          ; Reason for Removal                     ;
+----------------------------------------+----------------------------------------+
; Reg:reg|time_wait[0]                   ; Stuck at GND due to stuck port data_in ;
; Reg:reg|time_wait[1]                   ; Stuck at VCC due to stuck port data_in ;
; Reg:reg|time_wait[2..7]                ; Stuck at GND due to stuck port data_in ;
; Reg:reg|time_levedura[0]               ; Stuck at GND due to stuck port data_in ;
; Reg:reg|time_levedura[1]               ; Stuck at VCC due to stuck port data_in ;
; Reg:reg|time_levedura[2]               ; Stuck at GND due to stuck port data_in ;
; Reg:reg|time_levedura[3]               ; Stuck at VCC due to stuck port data_in ;
; Reg:reg|time_levedura[4..7]            ; Stuck at GND due to stuck port data_in ;
; Reg:reg|time_amassar[1,3]              ; Stuck at VCC due to stuck port data_in ;
; Reg:reg|time_amassar[4..7]             ; Stuck at GND due to stuck port data_in ;
; Reg:reg|time_total[1,2,6,7]            ; Stuck at GND due to stuck port data_in ;
; Reg:reg|time_amassar[2]                ; Merged with Reg:reg|time_amassar[0]    ;
; Reg:reg|time_total[0,5]                ; Merged with Reg:reg|time_amassar[0]    ;
; Reg:reg|time_total[4]                  ; Merged with Reg:reg|time_total[3]      ;
; Total Number of Removed Registers = 30 ;                                        ;
+----------------------------------------+----------------------------------------+


+------------------------------------------------------+
; General Register Statistics                          ;
+----------------------------------------------+-------+
; Statistic                                    ; Value ;
+----------------------------------------------+-------+
; Total registers                              ; 47    ;
; Number of registers using Synchronous Clear  ; 31    ;
; Number of registers using Synchronous Load   ; 0     ;
; Number of registers using Asynchronous Clear ; 0     ;
; Number of registers using Asynchronous Load  ; 0     ;
; Number of registers using Clock Enable       ; 18    ;
; Number of registers using Preset             ; 0     ;
+----------------------------------------------+-------+


+--------------------------------------------------+
; Inverted Register Statistics                     ;
+----------------------------------------+---------+
; Inverted Register                      ; Fan out ;
+----------------------------------------+---------+
; TimerAuxFSM:timeraux_fsm|s_counter[0]  ; 9       ;
; TimerAuxFSM:timeraux_fsm|s_counter[7]  ; 8       ;
; TimerAuxFSM:timeraux_fsm|s_counter[6]  ; 8       ;
; TimerAuxFSM:timeraux_fsm|s_counter[5]  ; 8       ;
; TimerAuxFSM:timeraux_fsm|s_counter[4]  ; 10      ;
; TimerAuxFSM:timeraux_fsm|s_counter[3]  ; 10      ;
; TimerAuxFSM:timeraux_fsm|s_counter[2]  ; 8       ;
; TimerAuxFSM:timeraux_fsm|s_counter[1]  ; 7       ;
; Total number of inverted registers = 8 ;         ;
+----------------------------------------+---------+


+---------------------------------------------------------------------------------------------------------------------------------------------------------------------------+
; Multiplexer Restructuring Statistics (Restructuring Performed)                                                                                                            ;
+--------------------+-----------+---------------+----------------------+------------------------+------------+-------------------------------------------------------------+
; Multiplexer Inputs ; Bus Width ; Baseline Area ; Area if Restructured ; Saving if Restructured ; Registered ; Example Multiplexer Output                                  ;
+--------------------+-----------+---------------+----------------------+------------------------+------------+-------------------------------------------------------------+
; 4:1                ; 2 bits    ; 4 LEs         ; 4 LEs                ; 0 LEs                  ; Yes        ; |PaoTop|TimerAuxFSM:timeraux_fsm|s_counter[6]               ;
; 4:1                ; 6 bits    ; 12 LEs        ; 12 LEs               ; 0 LEs                  ; Yes        ; |PaoTop|TimerAuxFSM:timeraux_fsm|s_counter[5]               ;
; 3:1                ; 5 bits    ; 10 LEs        ; 10 LEs               ; 0 LEs                  ; No         ; |PaoTop|MaquinaDePao:maquina_pao_fsm|s_currentState.Amassar ;
+--------------------+-----------+---------------+----------------------+------------------------+------------+-------------------------------------------------------------+


+---------------------------------------------------------------------+
; Parameter Settings for User Entity Instance: ClkDividerN:clkDivider ;
+----------------+----------+-----------------------------------------+
; Parameter Name ; Value    ; Type                                    ;
+----------------+----------+-----------------------------------------+
; divfactor      ; 50000000 ; Signed Integer                          ;
+----------------+----------+-----------------------------------------+
Note: In order to hide this table in the UI and the text report file, please set the "Show Parameter Settings in Synthesis Report" option in "Analysis and Synthesis Settings -> More Settings" to "Off".


+----------------------------------------------------------------------------------+
; Parameter Settings for Inferred Entity Instance: Bin2BCD:bin2bcd|lpm_divide:Mod0 ;
+------------------------+----------------+----------------------------------------+
; Parameter Name         ; Value          ; Type                                   ;
+------------------------+----------------+----------------------------------------+
; LPM_WIDTHN             ; 8              ; Untyped                                ;
; LPM_WIDTHD             ; 8              ; Untyped                                ;
; LPM_NREPRESENTATION    ; UNSIGNED       ; Untyped                                ;
; LPM_DREPRESENTATION    ; UNSIGNED       ; Untyped                                ;
; LPM_PIPELINE           ; 0              ; Untyped                                ;
; LPM_REMAINDERPOSITIVE  ; TRUE           ; Untyped                                ;
; MAXIMIZE_SPEED         ; 5              ; Untyped                                ;
; CBXI_PARAMETER         ; lpm_divide_q9m ; Untyped                                ;
; CARRY_CHAIN            ; MANUAL         ; Untyped                                ;
; OPTIMIZE_FOR_SPEED     ; 5              ; Untyped                                ;
; AUTO_CARRY_CHAINS      ; ON             ; AUTO_CARRY                             ;
; IGNORE_CARRY_BUFFERS   ; OFF            ; IGNORE_CARRY                           ;
; AUTO_CASCADE_CHAINS    ; ON             ; AUTO_CASCADE                           ;
; IGNORE_CASCADE_BUFFERS ; OFF            ; IGNORE_CASCADE                         ;
+------------------------+----------------+----------------------------------------+
Note: In order to hide this table in the UI and the text report file, please set the "Show Parameter Settings in Synthesis Report" option in "Analysis and Synthesis Settings -> More Settings" to "Off".


+----------------------------------------------------------------------------------+
; Parameter Settings for Inferred Entity Instance: Bin2BCD:bin2bcd|lpm_divide:Div0 ;
+------------------------+----------------+----------------------------------------+
; Parameter Name         ; Value          ; Type                                   ;
+------------------------+----------------+----------------------------------------+
; LPM_WIDTHN             ; 8              ; Untyped                                ;
; LPM_WIDTHD             ; 8              ; Untyped                                ;
; LPM_NREPRESENTATION    ; UNSIGNED       ; Untyped                                ;
; LPM_DREPRESENTATION    ; UNSIGNED       ; Untyped                                ;
; LPM_PIPELINE           ; 0              ; Untyped                                ;
; LPM_REMAINDERPOSITIVE  ; TRUE           ; Untyped                                ;
; MAXIMIZE_SPEED         ; 5              ; Untyped                                ;
; CBXI_PARAMETER         ; lpm_divide_nhm ; Untyped                                ;
; CARRY_CHAIN            ; MANUAL         ; Untyped                                ;
; OPTIMIZE_FOR_SPEED     ; 5              ; Untyped                                ;
; AUTO_CARRY_CHAINS      ; ON             ; AUTO_CARRY                             ;
; IGNORE_CARRY_BUFFERS   ; OFF            ; IGNORE_CARRY                           ;
; AUTO_CASCADE_CHAINS    ; ON             ; AUTO_CASCADE                           ;
; IGNORE_CASCADE_BUFFERS ; OFF            ; IGNORE_CASCADE                         ;
+------------------------+----------------+----------------------------------------+
Note: In order to hide this table in the UI and the text report file, please set the "Show Parameter Settings in Synthesis Report" option in "Analysis and Synthesis Settings -> More Settings" to "Off".


+------------------------------------------------------------------------------------------------------------------+
; Port Connectivity Checks: "ClkDividerN:clkDivider"                                                               ;
+--------+--------+----------+-------------------------------------------------------------------------------------+
; Port   ; Type   ; Severity ; Details                                                                             ;
+--------+--------+----------+-------------------------------------------------------------------------------------+
; clkout ; Output ; Info     ; Connected to dangling logic. Logic that only feeds a dangling port will be removed. ;
+--------+--------+----------+-------------------------------------------------------------------------------------+


+-----------------------------------------------------+
; Post-Synthesis Netlist Statistics for Top Partition ;
+-----------------------+-----------------------------+
; Type                  ; Count                       ;
+-----------------------+-----------------------------+
; boundary_port         ; 25                          ;
; cycloneiii_ff         ; 47                          ;
;     ENA               ; 13                          ;
;     ENA SCLR          ; 5                           ;
;     SCLR              ; 26                          ;
;     plain             ; 3                           ;
; cycloneiii_lcell_comb ; 278                         ;
;     arith             ; 82                          ;
;         2 data inputs ; 38                          ;
;         3 data inputs ; 44                          ;
;     normal            ; 196                         ;
;         0 data inputs ; 11                          ;
;         1 data inputs ; 3                           ;
;         2 data inputs ; 86                          ;
;         3 data inputs ; 23                          ;
;         4 data inputs ; 73                          ;
;                       ;                             ;
; Max LUT depth         ; 14.50                       ;
; Average LUT depth     ; 8.93                        ;
+-----------------------+-----------------------------+


+-------------------------------+
; Elapsed Time Per Partition    ;
+----------------+--------------+
; Partition Name ; Elapsed Time ;
+----------------+--------------+
; Top            ; 00:00:01     ;
+----------------+--------------+


+-------------------------------+
; Analysis & Synthesis Messages ;
+-------------------------------+
Info: *******************************************************************
Info: Running Quartus Prime Analysis & Synthesis
    Info: Version 20.1.1 Build 720 11/11/2020 SJ Lite Edition
    Info: Processing started: Tue Jun 06 13:02:00 2023
Info: Command: quartus_map --read_settings_files=on --write_settings_files=off LSD_Projeto -c LSD_Projeto
Warning (18236): Number of processors has not been specified which may cause overloading on shared machines.  Set the global assignment NUM_PARALLEL_PROCESSORS in your QSF to an appropriate value for best performance.
Info (20030): Parallel compilation is enabled and will use 12 of the 12 processors detected
Info (12021): Found 2 design units, including 1 entities, in source file bin2bcd.vhd
    Info (12022): Found design unit 1: Bin2BCD-Behavioral File: C:/ProjetoLSD_verFinal/Bin2BCD.vhd Line: 10
    Info (12023): Found entity 1: Bin2BCD File: C:/ProjetoLSD_verFinal/Bin2BCD.vhd Line: 5
Info (12021): Found 2 design units, including 1 entities, in source file timerauxfsm.vhd
    Info (12022): Found design unit 1: TimerAuxFSM-Behavioral File: C:/ProjetoLSD_verFinal/TimerAuxFSM.vhd Line: 15
    Info (12023): Found entity 1: TimerAuxFSM File: C:/ProjetoLSD_verFinal/TimerAuxFSM.vhd Line: 5
Info (12021): Found 2 design units, including 1 entities, in source file reg.vhd
    Info (12022): Found design unit 1: Reg-Behavioral File: C:/ProjetoLSD_verFinal/Reg.vhd Line: 17
    Info (12023): Found entity 1: Reg File: C:/ProjetoLSD_verFinal/Reg.vhd Line: 5
Info (12021): Found 2 design units, including 1 entities, in source file paotop.vhd
    Info (12022): Found design unit 1: PaoTop-Shell File: C:/ProjetoLSD_verFinal/PaoTop.vhd Line: 17
    Info (12023): Found entity 1: PaoTop File: C:/ProjetoLSD_verFinal/PaoTop.vhd Line: 5
Info (12021): Found 2 design units, including 1 entities, in source file maquinadepao.vhd
    Info (12022): Found design unit 1: MaquinaDePao-Behavioral File: C:/ProjetoLSD_verFinal/MaquinaDePao.vhd Line: 25
    Info (12023): Found entity 1: MaquinaDePao File: C:/ProjetoLSD_verFinal/MaquinaDePao.vhd Line: 4
Info (12021): Found 2 design units, including 1 entities, in source file clkdividern.vhd
    Info (12022): Found design unit 1: ClkDividerN-Behavioral File: C:/ProjetoLSD_verFinal/ClkDividerN.vhd Line: 12
    Info (12023): Found entity 1: ClkDividerN File: C:/ProjetoLSD_verFinal/ClkDividerN.vhd Line: 5
Info (12021): Found 2 design units, including 1 entities, in source file bin7segdecoder.vhd
    Info (12022): Found design unit 1: Bin7SegDecoder-Behavioral File: C:/ProjetoLSD_verFinal/Bin7SegDecoder.vhd Line: 9
    Info (12023): Found entity 1: Bin7SegDecoder File: C:/ProjetoLSD_verFinal/Bin7SegDecoder.vhd Line: 4
Info (12021): Found 2 design units, including 1 entities, in source file maquinadepao_tb.vhd
    Info (12022): Found design unit 1: MaquinaDePao_tb-Behavioral File: C:/ProjetoLSD_verFinal/MaquinaDePao_tb.vhd Line: 7
    Info (12023): Found entity 1: MaquinaDePao_tb File: C:/ProjetoLSD_verFinal/MaquinaDePao_tb.vhd Line: 4
Info (12127): Elaborating entity "PaoTop" for the top level hierarchy
Warning (10541): VHDL Signal Declaration warning at PaoTop.vhd(21): used implicit default value for signal "s_startStop" because signal was never assigned a value or an explicit default value. Use of implicit default value may introduce unintended design optimizations. File: C:/ProjetoLSD_verFinal/PaoTop.vhd Line: 21
Info (12129): Elaborating entity "ClkDividerN" using architecture "A:behavioral" for hierarchy "ClkDividerN:clkDivider" File: C:/ProjetoLSD_verFinal/PaoTop.vhd Line: 42
Info (12129): Elaborating entity "MaquinaDePao" using architecture "A:behavioral" for hierarchy "MaquinaDePao:maquina_pao_fsm" File: C:/ProjetoLSD_verFinal/PaoTop.vhd Line: 49
Warning (10492): VHDL Process Statement warning at MaquinaDePao.vhd(43): signal "clken" is read inside the Process Statement but isn't in the Process Statement's sensitivity list File: C:/ProjetoLSD_verFinal/MaquinaDePao.vhd Line: 43
Warning (10492): VHDL Process Statement warning at MaquinaDePao.vhd(61): signal "time_total" is read inside the Process Statement but isn't in the Process Statement's sensitivity list File: C:/ProjetoLSD_verFinal/MaquinaDePao.vhd Line: 61
Warning (10492): VHDL Process Statement warning at MaquinaDePao.vhd(62): signal "start_stop" is read inside the Process Statement but isn't in the Process Statement's sensitivity list File: C:/ProjetoLSD_verFinal/MaquinaDePao.vhd Line: 62
Warning (10492): VHDL Process Statement warning at MaquinaDePao.vhd(71): signal "time_amassar" is read inside the Process Statement but isn't in the Process Statement's sensitivity list File: C:/ProjetoLSD_verFinal/MaquinaDePao.vhd Line: 71
Warning (10492): VHDL Process Statement warning at MaquinaDePao.vhd(95): signal "time_levedura" is read inside the Process Statement but isn't in the Process Statement's sensitivity list File: C:/ProjetoLSD_verFinal/MaquinaDePao.vhd Line: 95
Warning (10492): VHDL Process Statement warning at MaquinaDePao.vhd(118): signal "time_cozedura" is read inside the Process Statement but isn't in the Process Statement's sensitivity list File: C:/ProjetoLSD_verFinal/MaquinaDePao.vhd Line: 118
Warning (10492): VHDL Process Statement warning at MaquinaDePao.vhd(141): signal "time_extra" is read inside the Process Statement but isn't in the Process Statement's sensitivity list File: C:/ProjetoLSD_verFinal/MaquinaDePao.vhd Line: 141
Warning (10631): VHDL Process Statement warning at MaquinaDePao.vhd(52): inferring latch(es) for signal or variable "ledr0", which holds its previous value in one or more paths through the process File: C:/ProjetoLSD_verFinal/MaquinaDePao.vhd Line: 52
Warning (10631): VHDL Process Statement warning at MaquinaDePao.vhd(52): inferring latch(es) for signal or variable "ledg0", which holds its previous value in one or more paths through the process File: C:/ProjetoLSD_verFinal/MaquinaDePao.vhd Line: 52
Warning (10631): VHDL Process Statement warning at MaquinaDePao.vhd(52): inferring latch(es) for signal or variable "ledg1", which holds its previous value in one or more paths through the process File: C:/ProjetoLSD_verFinal/MaquinaDePao.vhd Line: 52
Warning (10631): VHDL Process Statement warning at MaquinaDePao.vhd(52): inferring latch(es) for signal or variable "ledg2", which holds its previous value in one or more paths through the process File: C:/ProjetoLSD_verFinal/MaquinaDePao.vhd Line: 52
Warning (10631): VHDL Process Statement warning at MaquinaDePao.vhd(52): inferring latch(es) for signal or variable "timeVal", which holds its previous value in one or more paths through the process File: C:/ProjetoLSD_verFinal/MaquinaDePao.vhd Line: 52
Info (10041): Inferred latch for "timeVal[0]" at MaquinaDePao.vhd(52) File: C:/ProjetoLSD_verFinal/MaquinaDePao.vhd Line: 52
Info (10041): Inferred latch for "timeVal[1]" at MaquinaDePao.vhd(52) File: C:/ProjetoLSD_verFinal/MaquinaDePao.vhd Line: 52
Info (10041): Inferred latch for "timeVal[2]" at MaquinaDePao.vhd(52) File: C:/ProjetoLSD_verFinal/MaquinaDePao.vhd Line: 52
Info (10041): Inferred latch for "timeVal[3]" at MaquinaDePao.vhd(52) File: C:/ProjetoLSD_verFinal/MaquinaDePao.vhd Line: 52
Info (10041): Inferred latch for "timeVal[4]" at MaquinaDePao.vhd(52) File: C:/ProjetoLSD_verFinal/MaquinaDePao.vhd Line: 52
Info (10041): Inferred latch for "timeVal[5]" at MaquinaDePao.vhd(52) File: C:/ProjetoLSD_verFinal/MaquinaDePao.vhd Line: 52
Info (10041): Inferred latch for "timeVal[6]" at MaquinaDePao.vhd(52) File: C:/ProjetoLSD_verFinal/MaquinaDePao.vhd Line: 52
Info (10041): Inferred latch for "timeVal[7]" at MaquinaDePao.vhd(52) File: C:/ProjetoLSD_verFinal/MaquinaDePao.vhd Line: 52
Info (10041): Inferred latch for "ledg2" at MaquinaDePao.vhd(52) File: C:/ProjetoLSD_verFinal/MaquinaDePao.vhd Line: 52
Info (10041): Inferred latch for "ledg1" at MaquinaDePao.vhd(52) File: C:/ProjetoLSD_verFinal/MaquinaDePao.vhd Line: 52
Info (10041): Inferred latch for "ledg0" at MaquinaDePao.vhd(52) File: C:/ProjetoLSD_verFinal/MaquinaDePao.vhd Line: 52
Info (10041): Inferred latch for "ledr0" at MaquinaDePao.vhd(52) File: C:/ProjetoLSD_verFinal/MaquinaDePao.vhd Line: 52
Info (12129): Elaborating entity "TimerAuxFSM" using architecture "A:behavioral" for hierarchy "TimerAuxFSM:timeraux_fsm" File: C:/ProjetoLSD_verFinal/PaoTop.vhd Line: 69
Warning (10492): VHDL Process Statement warning at TimerAuxFSM.vhd(23): signal "clkEn" is read inside the Process Statement but isn't in the Process Statement's sensitivity list File: C:/ProjetoLSD_verFinal/TimerAuxFSM.vhd Line: 23
Info (12129): Elaborating entity "Reg" using architecture "A:behavioral" for hierarchy "Reg:reg" File: C:/ProjetoLSD_verFinal/PaoTop.vhd Line: 80
Warning (10541): VHDL Signal Declaration warning at Reg.vhd(11): used implicit default value for signal "time_cozedura" because signal was never assigned a value or an explicit default value. Use of implicit default value may introduce unintended design optimizations. File: C:/ProjetoLSD_verFinal/Reg.vhd Line: 11
Info (12129): Elaborating entity "Bin2BCD" using architecture "A:behavioral" for hierarchy "Bin2BCD:bin2bcd" File: C:/ProjetoLSD_verFinal/PaoTop.vhd Line: 91
Info (12129): Elaborating entity "Bin7SegDecoder" using architecture "A:behavioral" for hierarchy "Bin7SegDecoder:displayR" File: C:/ProjetoLSD_verFinal/PaoTop.vhd Line: 97
Info (278001): Inferred 2 megafunctions from design logic
    Info (278004): Inferred divider/modulo megafunction ("lpm_divide") from the following logic: "Bin2BCD:bin2bcd|Mod0" File: C:/ProjetoLSD_verFinal/Bin2BCD.vhd Line: 19
    Info (278004): Inferred divider/modulo megafunction ("lpm_divide") from the following logic: "Bin2BCD:bin2bcd|Div0" File: C:/ProjetoLSD_verFinal/Bin2BCD.vhd Line: 18
Info (12130): Elaborated megafunction instantiation "Bin2BCD:bin2bcd|lpm_divide:Mod0" File: C:/ProjetoLSD_verFinal/Bin2BCD.vhd Line: 19
Info (12133): Instantiated megafunction "Bin2BCD:bin2bcd|lpm_divide:Mod0" with the following parameter: File: C:/ProjetoLSD_verFinal/Bin2BCD.vhd Line: 19
    Info (12134): Parameter "LPM_WIDTHN" = "8"
    Info (12134): Parameter "LPM_WIDTHD" = "8"
    Info (12134): Parameter "LPM_NREPRESENTATION" = "UNSIGNED"
    Info (12134): Parameter "LPM_DREPRESENTATION" = "UNSIGNED"
Info (12021): Found 1 design units, including 1 entities, in source file db/lpm_divide_q9m.tdf
    Info (12023): Found entity 1: lpm_divide_q9m File: C:/ProjetoLSD_verFinal/db/lpm_divide_q9m.tdf Line: 25
Info (12021): Found 1 design units, including 1 entities, in source file db/sign_div_unsign_fkh.tdf
    Info (12023): Found entity 1: sign_div_unsign_fkh File: C:/ProjetoLSD_verFinal/db/sign_div_unsign_fkh.tdf Line: 25
Info (12021): Found 1 design units, including 1 entities, in source file db/alt_u_div_i4f.tdf
    Info (12023): Found entity 1: alt_u_div_i4f File: C:/ProjetoLSD_verFinal/db/alt_u_div_i4f.tdf Line: 27
Info (12021): Found 1 design units, including 1 entities, in source file db/add_sub_7pc.tdf
    Info (12023): Found entity 1: add_sub_7pc File: C:/ProjetoLSD_verFinal/db/add_sub_7pc.tdf Line: 23
Info (12021): Found 1 design units, including 1 entities, in source file db/add_sub_8pc.tdf
    Info (12023): Found entity 1: add_sub_8pc File: C:/ProjetoLSD_verFinal/db/add_sub_8pc.tdf Line: 23
Info (12130): Elaborated megafunction instantiation "Bin2BCD:bin2bcd|lpm_divide:Div0" File: C:/ProjetoLSD_verFinal/Bin2BCD.vhd Line: 18
Info (12133): Instantiated megafunction "Bin2BCD:bin2bcd|lpm_divide:Div0" with the following parameter: File: C:/ProjetoLSD_verFinal/Bin2BCD.vhd Line: 18
    Info (12134): Parameter "LPM_WIDTHN" = "8"
    Info (12134): Parameter "LPM_WIDTHD" = "8"
    Info (12134): Parameter "LPM_NREPRESENTATION" = "UNSIGNED"
    Info (12134): Parameter "LPM_DREPRESENTATION" = "UNSIGNED"
Info (12021): Found 1 design units, including 1 entities, in source file db/lpm_divide_nhm.tdf
    Info (12023): Found entity 1: lpm_divide_nhm File: C:/ProjetoLSD_verFinal/db/lpm_divide_nhm.tdf Line: 25
Warning (13024): Output pins are stuck at VCC or GND
    Warning (13410): Pin "LEDR[1]" is stuck at GND File: C:/ProjetoLSD_verFinal/PaoTop.vhd Line: 10
Info (286030): Timing-Driven Synthesis is running
Info (16010): Generating hard_block partition "hard_block:auto_generated_inst"
    Info (16011): Adding 0 node(s), including 0 DDIO, 0 PLL, 0 transceiver and 0 LCELL
Warning (21074): Design contains 2 input pin(s) that do not drive logic
    Warning (15610): No output dependent on input pin "KEY[1]" File: C:/ProjetoLSD_verFinal/PaoTop.vhd Line: 7
    Warning (15610): No output dependent on input pin "KEY[2]" File: C:/ProjetoLSD_verFinal/PaoTop.vhd Line: 7
Info (21057): Implemented 303 device resources after synthesis - the final resource count might be different
    Info (21058): Implemented 6 input pins
    Info (21059): Implemented 19 output pins
    Info (21061): Implemented 278 logic cells
Info: Quartus Prime Analysis & Synthesis was successful. 0 errors, 21 warnings
    Info: Peak virtual memory: 4851 megabytes
    Info: Processing ended: Tue Jun 06 13:02:11 2023
    Info: Elapsed time: 00:00:11
    Info: Total CPU time (on all processors): 00:00:07


