Flow report for DecoderDemo
Tue Nov 15 12:56:58 2022
Quartus Prime Version 20.1.1 Build 720 11/11/2020 SJ Lite Edition


---------------------
; Table of Contents ;
---------------------
  1. Legal Notice
  2. Flow Summary
  3. Flow Settings
  4. Flow Non-Default Global Settings
  5. Flow Elapsed Time
  6. Flow OS Summary
  7. Flow Log
  8. Flow Messages
  9. Flow Suppressed Messages



----------------
; Legal Notice ;
----------------
Copyright (C) 2020  Intel Corporation. All rights reserved.
Your use of Intel Corporation's design tools, logic functions 
and other software and tools, and any partner logic 
functions, and any output files from any of the foregoing 
(including device programming or simulation files), and any 
associated documentation or information are expressly subject 
to the terms and conditions of the Intel Program License 
Subscription Agreement, the Intel Quartus Prime License Agreement,
the Intel FPGA IP License Agreement, or other applicable license
agreement, including, without limitation, that your use is for
the sole purpose of programming logic devices manufactured by
Intel and sold by Intel or its authorized distributors.  Please
refer to the applicable agreement for further details, at
https://fpgasoftware.intel.com/eula.



+----------------------------------------------------------------------------------+
; Flow Summary                                                                     ;
+------------------------------------+---------------------------------------------+
; Flow Status                        ; Successful - Tue Nov 15 12:56:58 2022       ;
; Quartus Prime Version              ; 20.1.1 Build 720 11/11/2020 SJ Lite Edition ;
; Revision Name                      ; DecoderDemo                                 ;
; Top-level Entity Name              ; Dec2_4                                      ;
; Family                             ; Cyclone IV E                                ;
; Total logic elements               ; N/A until Partition Merge                   ;
;     Total combinational functions  ; N/A until Partition Merge                   ;
;     Dedicated logic registers      ; N/A until Partition Merge                   ;
; Total registers                    ; N/A until Partition Merge                   ;
; Total pins                         ; N/A until Partition Merge                   ;
; Total virtual pins                 ; N/A until Partition Merge                   ;
; Total memory bits                  ; N/A until Partition Merge                   ;
; Embedded Multiplier 9-bit elements ; N/A until Partition Merge                   ;
; Total PLLs                         ; N/A until Partition Merge                   ;
+------------------------------------+---------------------------------------------+


+-----------------------------------------+
; Flow Settings                           ;
+-------------------+---------------------+
; Option            ; Setting             ;
+-------------------+---------------------+
; Start date & time ; 11/15/2022 12:45:41 ;
; Main task         ; Compilation         ;
; Revision Name     ; DecoderDemo         ;
+-------------------+---------------------+


+------------------------------------------------------------------------------------------------------------------------------------------------+
; Flow Non-Default Global Settings                                                                                                               ;
+-------------------------------------+----------------------------------------+---------------+-------------+-----------------------------------+
; Assignment Name                     ; Value                                  ; Default Value ; Entity Name ; Section Id                        ;
+-------------------------------------+----------------------------------------+---------------+-------------+-----------------------------------+
; COMPILER_SIGNATURE_ID               ; 251413961549623.166851634120672        ; --            ; --          ; --                                ;
; EDA_GENERATE_FUNCTIONAL_NETLIST     ; Off                                    ; --            ; --          ; eda_board_design_timing           ;
; EDA_GENERATE_FUNCTIONAL_NETLIST     ; Off                                    ; --            ; --          ; eda_board_design_boundary_scan    ;
; EDA_GENERATE_FUNCTIONAL_NETLIST     ; Off                                    ; --            ; --          ; eda_board_design_signal_integrity ;
; EDA_GENERATE_FUNCTIONAL_NETLIST     ; Off                                    ; --            ; --          ; eda_board_design_symbol           ;
; EDA_OUTPUT_DATA_FORMAT              ; Verilog Hdl                            ; --            ; --          ; eda_simulation                    ;
; EDA_SIMULATION_TOOL                 ; ModelSim-Altera (Verilog)              ; <None>        ; --          ; --                                ;
; EDA_TIME_SCALE                      ; 1 ps                                   ; --            ; --          ; eda_simulation                    ;
; PARTITION_COLOR                     ; -- (Not supported for targeted family) ; --            ; Dec2_4      ; Top                               ;
; PARTITION_FITTER_PRESERVATION_LEVEL ; -- (Not supported for targeted family) ; --            ; Dec2_4      ; Top                               ;
; PARTITION_NETLIST_TYPE              ; -- (Not supported for targeted family) ; --            ; Dec2_4      ; Top                               ;
; PROJECT_OUTPUT_DIRECTORY            ; output_files                           ; --            ; --          ; --                                ;
; TOP_LEVEL_ENTITY                    ; Dec2_4                                 ; DecoderDemo   ; --          ; --                                ;
+-------------------------------------+----------------------------------------+---------------+-------------+-----------------------------------+


+----------------------------------------------------------------------------------------------------------------------------+
; Flow Elapsed Time                                                                                                          ;
+------------------------+--------------+-------------------------+---------------------+------------------------------------+
; Module Name            ; Elapsed Time ; Average Processors Used ; Peak Virtual Memory ; Total CPU Time (on all processors) ;
+------------------------+--------------+-------------------------+---------------------+------------------------------------+
; Analysis & Elaboration ; 00:00:06     ; 1.0                     ; 4705 MB             ; 00:00:07                           ;
; EDA Netlist Writer     ; 00:00:01     ; 1.0                     ; 4638 MB             ; 00:00:00                           ;
; EDA Netlist Writer     ; 00:00:00     ; 1.0                     ; 4642 MB             ; 00:00:00                           ;
; EDA Netlist Writer     ; 00:00:00     ; 1.0                     ; 4638 MB             ; 00:00:00                           ;
; EDA Netlist Writer     ; 00:00:00     ; 1.0                     ; 4638 MB             ; 00:00:00                           ;
; EDA Netlist Writer     ; 00:00:01     ; 1.0                     ; 4642 MB             ; 00:00:00                           ;
; EDA Netlist Writer     ; 00:00:00     ; 1.0                     ; 4638 MB             ; 00:00:00                           ;
; EDA Netlist Writer     ; 00:00:00     ; 1.0                     ; 4638 MB             ; 00:00:00                           ;
; EDA Netlist Writer     ; 00:00:00     ; 1.0                     ; 4638 MB             ; 00:00:00                           ;
; EDA Netlist Writer     ; 00:00:00     ; 1.0                     ; 4638 MB             ; 00:00:00                           ;
; EDA Netlist Writer     ; 00:00:00     ; 1.0                     ; 4638 MB             ; 00:00:00                           ;
; EDA Netlist Writer     ; 00:00:00     ; 1.0                     ; 4642 MB             ; 00:00:00                           ;
; EDA Netlist Writer     ; 00:00:01     ; 1.0                     ; 4638 MB             ; 00:00:00                           ;
; EDA Netlist Writer     ; 00:00:00     ; 1.0                     ; 4642 MB             ; 00:00:00                           ;
; EDA Netlist Writer     ; 00:00:00     ; 1.0                     ; 4638 MB             ; 00:00:00                           ;
; EDA Netlist Writer     ; 00:00:01     ; 1.0                     ; 4642 MB             ; 00:00:00                           ;
; EDA Netlist Writer     ; 00:00:00     ; 1.0                     ; 4638 MB             ; 00:00:00                           ;
; EDA Netlist Writer     ; 00:00:00     ; 1.0                     ; 4642 MB             ; 00:00:00                           ;
; EDA Netlist Writer     ; 00:00:00     ; 1.0                     ; 4638 MB             ; 00:00:00                           ;
; EDA Netlist Writer     ; 00:00:01     ; 1.0                     ; 4642 MB             ; 00:00:00                           ;
; EDA Netlist Writer     ; 00:00:01     ; 1.0                     ; 4638 MB             ; 00:00:00                           ;
; EDA Netlist Writer     ; 00:00:00     ; 1.0                     ; 4642 MB             ; 00:00:00                           ;
; EDA Netlist Writer     ; 00:00:00     ; 1.0                     ; 4638 MB             ; 00:00:00                           ;
; EDA Netlist Writer     ; 00:00:00     ; 1.0                     ; 4645 MB             ; 00:00:00                           ;
; EDA Netlist Writer     ; 00:00:00     ; 1.0                     ; 4638 MB             ; 00:00:00                           ;
; EDA Netlist Writer     ; 00:00:00     ; 1.0                     ; 4645 MB             ; 00:00:00                           ;
; Total                  ; 00:00:12     ; --                      ; --                  ; 00:00:07                           ;
+------------------------+--------------+-------------------------+---------------------+------------------------------------+


+--------------------------------------------------------------------------------------+
; Flow OS Summary                                                                      ;
+------------------------+------------------+------------+------------+----------------+
; Module Name            ; Machine Hostname ; OS Name    ; OS Version ; Processor type ;
+------------------------+------------------+------------+------------+----------------+
; Analysis & Elaboration ; GPC              ; Windows 10 ; 10.0       ; x86_64         ;
; EDA Netlist Writer     ; GPC              ; Windows 10 ; 10.0       ; x86_64         ;
; EDA Netlist Writer     ; GPC              ; Windows 10 ; 10.0       ; x86_64         ;
; EDA Netlist Writer     ; GPC              ; Windows 10 ; 10.0       ; x86_64         ;
; EDA Netlist Writer     ; GPC              ; Windows 10 ; 10.0       ; x86_64         ;
; EDA Netlist Writer     ; GPC              ; Windows 10 ; 10.0       ; x86_64         ;
; EDA Netlist Writer     ; GPC              ; Windows 10 ; 10.0       ; x86_64         ;
; EDA Netlist Writer     ; GPC              ; Windows 10 ; 10.0       ; x86_64         ;
; EDA Netlist Writer     ; GPC              ; Windows 10 ; 10.0       ; x86_64         ;
; EDA Netlist Writer     ; GPC              ; Windows 10 ; 10.0       ; x86_64         ;
; EDA Netlist Writer     ; GPC              ; Windows 10 ; 10.0       ; x86_64         ;
; EDA Netlist Writer     ; GPC              ; Windows 10 ; 10.0       ; x86_64         ;
; EDA Netlist Writer     ; GPC              ; Windows 10 ; 10.0       ; x86_64         ;
; EDA Netlist Writer     ; GPC              ; Windows 10 ; 10.0       ; x86_64         ;
; EDA Netlist Writer     ; GPC              ; Windows 10 ; 10.0       ; x86_64         ;
; EDA Netlist Writer     ; GPC              ; Windows 10 ; 10.0       ; x86_64         ;
; EDA Netlist Writer     ; GPC              ; Windows 10 ; 10.0       ; x86_64         ;
; EDA Netlist Writer     ; GPC              ; Windows 10 ; 10.0       ; x86_64         ;
; EDA Netlist Writer     ; GPC              ; Windows 10 ; 10.0       ; x86_64         ;
; EDA Netlist Writer     ; GPC              ; Windows 10 ; 10.0       ; x86_64         ;
; EDA Netlist Writer     ; GPC              ; Windows 10 ; 10.0       ; x86_64         ;
; EDA Netlist Writer     ; GPC              ; Windows 10 ; 10.0       ; x86_64         ;
; EDA Netlist Writer     ; GPC              ; Windows 10 ; 10.0       ; x86_64         ;
; EDA Netlist Writer     ; GPC              ; Windows 10 ; 10.0       ; x86_64         ;
; EDA Netlist Writer     ; GPC              ; Windows 10 ; 10.0       ; x86_64         ;
; EDA Netlist Writer     ; GPC              ; Windows 10 ; 10.0       ; x86_64         ;
+------------------------+------------------+------------+------------+----------------+


------------
; Flow Log ;
------------
quartus_map --read_settings_files=on --write_settings_files=off DecoderDemo -c DecoderDemo --analysis_and_elaboration
quartus_eda --gen_testbench --tool=modelsim_oem --format=verilog --write_settings_files=off DecoderDemo -c DecoderDemo --vector_source=C:/Uni/ISD/quartusprime/aula6/Waveform1.vwf --testbench_file=C:/Uni/ISD/quartusprime/aula6/simulation/qsim/Waveform1.vwf.vt
quartus_eda --write_settings_files=off --simulation=on --functional=on --flatten_buses=off --tool=modelsim_oem --format=verilog --output_directory=C:/Uni/ISD/quartusprime/aula6/simulation/qsim/ DecoderDemo -c DecoderDemo
quartus_eda --gen_testbench --tool=modelsim_oem --format=verilog --write_settings_files=off DecoderDemo -c DecoderDemo --vector_source=C:/Uni/ISD/quartusprime/aula6/Waveform2.vwf --testbench_file=C:/Uni/ISD/quartusprime/aula6/simulation/qsim/Waveform2.vwf.vt
quartus_eda --gen_testbench --tool=modelsim_oem --format=verilog --write_settings_files=off DecoderDemo -c DecoderDemo --vector_source=C:/Uni/ISD/quartusprime/aula6/Waveform1.vwf --testbench_file=C:/Uni/ISD/quartusprime/aula6/simulation/qsim/Waveform1.vwf.vt
quartus_eda --write_settings_files=off --simulation=on --functional=on --flatten_buses=off --tool=modelsim_oem --format=verilog --output_directory=C:/Uni/ISD/quartusprime/aula6/simulation/qsim/ DecoderDemo -c DecoderDemo
quartus_eda --gen_testbench --tool=modelsim_oem --format=verilog --write_settings_files=off DecoderDemo -c DecoderDemo --vector_source=C:/Uni/ISD/quartusprime/aula6/Waveform2.vwf --testbench_file=C:/Uni/ISD/quartusprime/aula6/simulation/qsim/Waveform2.vwf.vt
quartus_eda --gen_testbench --tool=modelsim_oem --format=verilog --write_settings_files=off DecoderDemo -c DecoderDemo --vector_source=C:/Uni/ISD/quartusprime/aula6/Waveform2.vwf --testbench_file=C:/Uni/ISD/quartusprime/aula6/simulation/qsim/Waveform2.vwf.vt
quartus_eda --gen_testbench --tool=modelsim_oem --format=verilog --write_settings_files=off DecoderDemo -c DecoderDemo --vector_source=C:/Uni/ISD/quartusprime/aula6/Waveform2.vwf --testbench_file=C:/Uni/ISD/quartusprime/aula6/simulation/qsim/Waveform2.vwf.vt
quartus_eda --gen_testbench --tool=modelsim_oem --format=verilog --write_settings_files=off DecoderDemo -c DecoderDemo --vector_source=C:/Uni/ISD/quartusprime/aula6/Waveform2.vwf --testbench_file=C:/Uni/ISD/quartusprime/aula6/simulation/qsim/Waveform1.vwf.vt
quartus_eda --gen_testbench --tool=modelsim_oem --format=verilog --write_settings_files=off DecoderDemo -c DecoderDemo --vector_source=C:/Uni/ISD/quartusprime/aula6/Waveform2.vwf --testbench_file=C:/Uni/ISD/quartusprime/aula6/simulation/qsim/Waveform2.vwf.vt
quartus_eda --write_settings_files=off --simulation=on --functional=on --flatten_buses=off --tool=modelsim_oem --format=verilog --output_directory=C:/Uni/ISD/quartusprime/aula6/simulation/qsim/ DecoderDemo -c DecoderDemo
quartus_eda --gen_testbench --tool=modelsim_oem --format=verilog --write_settings_files=off DecoderDemo -c DecoderDemo --vector_source=C:/Uni/ISD/quartusprime/aula6/Waveform3.vwf --testbench_file=C:/Uni/ISD/quartusprime/aula6/simulation/qsim/Waveform3.vwf.vt
quartus_eda --write_settings_files=off --simulation=on --functional=on --flatten_buses=off --tool=modelsim_oem --format=verilog --output_directory=C:/Uni/ISD/quartusprime/aula6/simulation/qsim/ DecoderDemo -c DecoderDemo
quartus_eda --gen_testbench --tool=modelsim_oem --format=verilog --write_settings_files=off DecoderDemo -c DecoderDemo --vector_source=C:/Uni/ISD/quartusprime/aula6/Waveform4.vwf --testbench_file=C:/Uni/ISD/quartusprime/aula6/simulation/qsim/Waveform4.vwf.vt
quartus_eda --write_settings_files=off --simulation=on --functional=on --flatten_buses=off --tool=modelsim_oem --format=verilog --output_directory=C:/Uni/ISD/quartusprime/aula6/simulation/qsim/ DecoderDemo -c DecoderDemo
quartus_eda --gen_testbench --tool=modelsim_oem --format=verilog --write_settings_files=off DecoderDemo -c DecoderDemo --vector_source=C:/Uni/ISD/quartusprime/aula6/Waveform4.vwf --testbench_file=C:/Uni/ISD/quartusprime/aula6/simulation/qsim/Waveform4.vwf.vt
quartus_eda --write_settings_files=off --simulation=on --functional=on --flatten_buses=off --tool=modelsim_oem --format=verilog --output_directory=C:/Uni/ISD/quartusprime/aula6/simulation/qsim/ DecoderDemo -c DecoderDemo
quartus_eda --gen_testbench --tool=modelsim_oem --format=verilog --write_settings_files=off DecoderDemo -c DecoderDemo --vector_source=C:/Uni/ISD/quartusprime/aula6/Waveform4.vwf --testbench_file=C:/Uni/ISD/quartusprime/aula6/simulation/qsim/Waveform4.vwf.vt
quartus_eda --write_settings_files=off --simulation=on --functional=on --flatten_buses=off --tool=modelsim_oem --format=verilog --output_directory=C:/Uni/ISD/quartusprime/aula6/simulation/qsim/ DecoderDemo -c DecoderDemo
quartus_eda --gen_testbench --tool=modelsim_oem --format=verilog --write_settings_files=off DecoderDemo -c DecoderDemo --vector_source=C:/Uni/ISD/quartusprime/aula6/Waveform4.vwf --testbench_file=C:/Uni/ISD/quartusprime/aula6/simulation/qsim/Waveform4.vwf.vt
quartus_eda --write_settings_files=off --simulation=on --functional=on --flatten_buses=off --tool=modelsim_oem --format=verilog --output_directory=C:/Uni/ISD/quartusprime/aula6/simulation/qsim/ DecoderDemo -c DecoderDemo
quartus_eda --gen_testbench --tool=modelsim_oem --format=verilog --write_settings_files=off DecoderDemo -c DecoderDemo --vector_source=C:/Uni/ISD/quartusprime/aula6/Waveform.vwf --testbench_file=C:/Uni/ISD/quartusprime/aula6/simulation/qsim/Waveform.vwf.vt
quartus_eda --write_settings_files=off --simulation=on --functional=on --flatten_buses=off --tool=modelsim_oem --format=verilog --output_directory=C:/Uni/ISD/quartusprime/aula6/simulation/qsim/ DecoderDemo -c DecoderDemo
quartus_eda --gen_testbench --tool=modelsim_oem --format=verilog --write_settings_files=off DecoderDemo -c DecoderDemo --vector_source=C:/Uni/ISD/quartusprime/aula6/Waveform.vwf --testbench_file=C:/Uni/ISD/quartusprime/aula6/simulation/qsim/Waveform.vwf.vt
quartus_eda --write_settings_files=off --simulation=on --functional=on --flatten_buses=off --tool=modelsim_oem --format=verilog --output_directory=C:/Uni/ISD/quartusprime/aula6/simulation/qsim/ DecoderDemo -c DecoderDemo



